<?xml version="1.0" encoding="UTF-8"?>
<!-- Generated by org.testng.reporters.JUnitXMLReporter -->
<testsuite ignored="0" hostname="DESKTOP-PS5V1P4" failures="0" tests="4" name="Test" time="15.219" errors="0" timestamp="2023-06-08T13:25:12 IST">
  <testcase classname="PackageTestClass.POST_Class_1" name="execute" time="10.193"/>
  <testcase classname="PackageTestClass.POST_Class_2" name="execute" time="1.521"/>
  <testcase classname="PackageTestClass.POST_Class_3" name="execute" time="1.724"/>
  <testcase classname="PackageTestClass.POST_Class_4" name="execute" time="1.452"/>
</testsuite> <!-- Test -->
