<?xml version="1.0" encoding="UTF-8"?>
<testng-results ignored="0" total="4" passed="4" failed="0" skipped="0">
  <reporter-output>
  </reporter-output>
  <suite started-at="2023-06-08T13:24:56 IST" name="Suite" finished-at="2023-06-08T13:25:12 IST" duration-ms="15219">
    <groups>
    </groups>
    <test started-at="2023-06-08T13:24:56 IST" name="Test" finished-at="2023-06-08T13:25:12 IST" duration-ms="15219">
      <class name="PackageTestClass.POST_Class_2">
        <test-method signature="execute()[pri:0, instance:PackageTestClass.POST_Class_2@2d901eb0]" started-at="2023-06-08T13:25:07 IST" name="execute" finished-at="2023-06-08T13:25:08 IST" duration-ms="1521" status="PASS">
          <reporter-output>
          </reporter-output>
        </test-method> <!-- execute -->
      </class> <!-- PackageTestClass.POST_Class_2 -->
      <class name="PackageTestClass.POST_Class_3">
        <test-method signature="execute()[pri:0, instance:PackageTestClass.POST_Class_3@3ba987b8]" started-at="2023-06-08T13:25:08 IST" name="execute" finished-at="2023-06-08T13:25:10 IST" duration-ms="1724" status="PASS">
          <reporter-output>
          </reporter-output>
        </test-method> <!-- execute -->
      </class> <!-- PackageTestClass.POST_Class_3 -->
      <class name="PackageTestClass.POST_Class_1">
        <test-method signature="execute()[pri:0, instance:PackageTestClass.POST_Class_1@196a42c3]" started-at="2023-06-08T13:24:57 IST" name="execute" finished-at="2023-06-08T13:25:07 IST" duration-ms="10193" status="PASS">
          <reporter-output>
          </reporter-output>
        </test-method> <!-- execute -->
      </class> <!-- PackageTestClass.POST_Class_1 -->
      <class name="PackageTestClass.POST_Class_4">
        <test-method signature="execute()[pri:0, instance:PackageTestClass.POST_Class_4@3f191845]" started-at="2023-06-08T13:25:10 IST" name="execute" finished-at="2023-06-08T13:25:12 IST" duration-ms="1452" status="PASS">
          <reporter-output>
          </reporter-output>
        </test-method> <!-- execute -->
      </class> <!-- PackageTestClass.POST_Class_4 -->
    </test> <!-- Test -->
  </suite> <!-- Suite -->
</testng-results>
